<?xml version="1.0" encoding="UTF-8"?>
<coverage generated="1589162412">
  <project timestamp="1589162412">
    <file name="/srv/www/gatherpress/public_html/wp-content/themes/gatherpress/inc/block-editor.php">
      <line num="16" type="stmt" count="0"/>
      <line num="17" type="stmt" count="0"/>
      <line num="19" type="stmt" count="0"/>
      <line num="26" type="stmt" count="0"/>
      <line num="27" type="stmt" count="0"/>
      <line num="30" type="stmt" count="0"/>
      <line num="31" type="stmt" count="0"/>
      <metrics loc="37" ncloc="20" classes="0" methods="0" coveredmethods="0" conditionals="0" coveredconditionals="0" statements="7" coveredstatements="0" elements="7" coveredelements="0"/>
    </file>
    <package name="GatherPress\Inc">
      <file name="/srv/www/gatherpress/public_html/wp-content/themes/gatherpress/inc/classes/class-assets.php">
        <class name="GatherPress\Inc\Assets" namespace="GatherPress\Inc">
          <metrics complexity="6" methods="5" coveredmethods="0" conditionals="0" coveredconditionals="0" statements="45" coveredstatements="0" elements="50" coveredelements="0"/>
        </class>
        <line num="20" type="method" name="__construct" visibility="protected" complexity="1" crap="2.00" count="0"/>
        <line num="22" type="stmt" count="0"/>
        <line num="24" type="stmt" count="0"/>
        <line num="29" type="method" name="_setup_hooks" visibility="protected" complexity="1" crap="2.00" count="0"/>
        <line num="31" type="stmt" count="0"/>
        <line num="32" type="stmt" count="0"/>
        <line num="33" type="stmt" count="0"/>
        <line num="35" type="stmt" count="0"/>
        <line num="40" type="method" name="enqueue_scripts" visibility="public" complexity="2" crap="6.00" count="0"/>
        <line num="42" type="stmt" count="0"/>
        <line num="44" type="stmt" count="0"/>
        <line num="46" type="stmt" count="0"/>
        <line num="48" type="stmt" count="0"/>
        <line num="50" type="stmt" count="0"/>
        <line num="51" type="stmt" count="0"/>
        <line num="53" type="stmt" count="0"/>
        <line num="54" type="stmt" count="0"/>
        <line num="55" type="stmt" count="0"/>
        <line num="57" type="stmt" count="0"/>
        <line num="60" type="stmt" count="0"/>
        <line num="61" type="stmt" count="0"/>
        <line num="64" type="stmt" count="0"/>
        <line num="65" type="stmt" count="0"/>
        <line num="67" type="stmt" count="0"/>
        <line num="68" type="stmt" count="0"/>
        <line num="69" type="stmt" count="0"/>
        <line num="71" type="stmt" count="0"/>
        <line num="72" type="stmt" count="0"/>
        <line num="73" type="stmt" count="0"/>
        <line num="74" type="stmt" count="0"/>
        <line num="75" type="stmt" count="0"/>
        <line num="79" type="stmt" count="0"/>
        <line num="84" type="method" name="admin_enqueue_scripts" visibility="public" complexity="1" crap="2.00" count="0"/>
        <line num="86" type="stmt" count="0"/>
        <line num="88" type="stmt" count="0"/>
        <line num="93" type="method" name="block_enqueue_scripts" visibility="public" complexity="1" crap="2.00" count="0"/>
        <line num="95" type="stmt" count="0"/>
        <line num="97" type="stmt" count="0"/>
        <line num="98" type="stmt" count="0"/>
        <line num="99" type="stmt" count="0"/>
        <line num="101" type="stmt" count="0"/>
        <line num="107" type="stmt" count="0"/>
        <line num="110" type="stmt" count="0"/>
        <line num="111" type="stmt" count="0"/>
        <line num="112" type="stmt" count="0"/>
        <line num="114" type="stmt" count="0"/>
        <line num="115" type="stmt" count="0"/>
        <line num="116" type="stmt" count="0"/>
        <line num="117" type="stmt" count="0"/>
        <line num="121" type="stmt" count="0"/>
        <metrics loc="125" ncloc="108" classes="1" methods="5" coveredmethods="0" conditionals="0" coveredconditionals="0" statements="45" coveredstatements="0" elements="50" coveredelements="0"/>
      </file>
      <file name="/srv/www/gatherpress/public_html/wp-content/themes/gatherpress/inc/classes/class-attendee.php">
        <class name="GatherPress\Inc\Attendee" namespace="GatherPress\Inc">
          <metrics complexity="38" methods="11" coveredmethods="0" conditionals="0" coveredconditionals="0" statements="116" coveredstatements="22" elements="127" coveredelements="22"/>
        </class>
        <line num="29" type="method" name="__construct" visibility="protected" complexity="1" crap="2.00" count="0"/>
        <line num="31" type="stmt" count="0"/>
        <line num="33" type="stmt" count="0"/>
        <line num="38" type="method" name="_setup_hooks" visibility="protected" complexity="1" crap="2.00" count="0"/>
        <line num="40" type="stmt" count="0"/>
        <line num="42" type="stmt" count="0"/>
        <line num="47" type="method" name="maybe_create_custom_table" visibility="public" complexity="2" crap="6.00" count="0"/>
        <line num="49" type="stmt" count="0"/>
        <line num="51" type="stmt" count="0"/>
        <line num="52" type="stmt" count="0"/>
        <line num="54" type="stmt" count="0"/>
        <line num="55" type="stmt" count="0"/>
        <line num="56" type="stmt" count="0"/>
        <line num="59" type="stmt" count="0"/>
        <line num="64" type="method" name="create_table" visibility="public" complexity="1" crap="2.00" count="0"/>
        <line num="66" type="stmt" count="0"/>
        <line num="68" type="stmt" count="0"/>
        <line num="69" type="stmt" count="0"/>
        <line num="70" type="stmt" count="0"/>
        <line num="72" type="stmt" count="0"/>
        <line num="82" type="stmt" count="0"/>
        <line num="84" type="stmt" count="0"/>
        <line num="86" type="stmt" count="0"/>
        <line num="88" type="stmt" count="0"/>
        <line num="98" type="method" name="get_attendee" visibility="public" complexity="3" crap="12.00" count="0"/>
        <line num="100" type="stmt" count="0"/>
        <line num="102" type="stmt" count="0"/>
        <line num="103" type="stmt" count="0"/>
        <line num="106" type="stmt" count="0"/>
        <line num="107" type="stmt" count="0"/>
        <line num="109" type="stmt" count="0"/>
        <line num="122" type="method" name="save_attendee" visibility="public" complexity="10" crap="10.36" count="1"/>
        <line num="124" type="stmt" count="1"/>
        <line num="126" type="stmt" count="1"/>
        <line num="128" type="stmt" count="1"/>
        <line num="129" type="stmt" count="0"/>
        <line num="132" type="stmt" count="1"/>
        <line num="133" type="stmt" count="0"/>
        <line num="136" type="stmt" count="1"/>
        <line num="137" type="stmt" count="1"/>
        <line num="138" type="stmt" count="1"/>
        <line num="140" type="stmt" count="1"/>
        <line num="141" type="stmt" count="0"/>
        <line num="145" type="stmt" count="1"/>
        <line num="146" type="stmt" count="1"/>
        <line num="147" type="stmt" count="1"/>
        <line num="148" type="stmt" count="1"/>
        <line num="151" type="stmt" count="1"/>
        <line num="152" type="stmt" count="1"/>
        <line num="153" type="stmt" count="0"/>
        <line num="157" type="stmt" count="1"/>
        <line num="159" type="stmt" count="1"/>
        <line num="161" type="stmt" count="1"/>
        <line num="164" type="stmt" count="1"/>
        <line num="165" type="stmt" count="1"/>
        <line num="168" type="stmt" count="1"/>
        <line num="169" type="stmt" count="1"/>
        <line num="172" type="stmt" count="1"/>
        <line num="183" type="method" name="check_waitlist" visibility="public" complexity="5" crap="30.00" count="0"/>
        <line num="185" type="stmt" count="0"/>
        <line num="186" type="stmt" count="0"/>
        <line num="189" type="stmt" count="0"/>
        <line num="190" type="stmt" count="0"/>
        <line num="192" type="stmt" count="0"/>
        <line num="195" type="stmt" count="0"/>
        <line num="197" type="stmt" count="0"/>
        <line num="198" type="stmt" count="0"/>
        <line num="200" type="stmt" count="0"/>
        <line num="202" type="stmt" count="0"/>
        <line num="203" type="stmt" count="0"/>
        <line num="206" type="stmt" count="0"/>
        <line num="207" type="stmt" count="0"/>
        <line num="208" type="stmt" count="0"/>
        <line num="212" type="stmt" count="0"/>
        <line num="224" type="method" name="attending_limit_reached" visibility="public" complexity="4" crap="20.00" count="0"/>
        <line num="226" type="stmt" count="0"/>
        <line num="229" type="stmt" count="0"/>
        <line num="230" type="stmt" count="0"/>
        <line num="231" type="stmt" count="0"/>
        <line num="233" type="stmt" count="0"/>
        <line num="236" type="stmt" count="0"/>
        <line num="249" type="method" name="get_attendees" visibility="public" complexity="9" crap="90.00" count="0"/>
        <line num="251" type="stmt" count="0"/>
        <line num="254" type="stmt" count="0"/>
        <line num="260" type="stmt" count="0"/>
        <line num="261" type="stmt" count="0"/>
        <line num="264" type="stmt" count="0"/>
        <line num="265" type="stmt" count="0"/>
        <line num="266" type="stmt" count="0"/>
        <line num="267" type="stmt" count="0"/>
        <line num="268" type="stmt" count="0"/>
        <line num="269" type="stmt" count="0"/>
        <line num="271" type="stmt" count="0"/>
        <line num="272" type="stmt" count="0"/>
        <line num="275" type="stmt" count="0"/>
        <line num="276" type="stmt" count="0"/>
        <line num="282" type="stmt" count="0"/>
        <line num="283" type="stmt" count="0"/>
        <line num="284" type="stmt" count="0"/>
        <line num="286" type="stmt" count="0"/>
        <line num="287" type="stmt" count="0"/>
        <line num="290" type="stmt" count="0"/>
        <line num="291" type="stmt" count="0"/>
        <line num="294" type="stmt" count="0"/>
        <line num="295" type="stmt" count="0"/>
        <line num="296" type="stmt" count="0"/>
        <line num="297" type="stmt" count="0"/>
        <line num="298" type="stmt" count="0"/>
        <line num="299" type="stmt" count="0"/>
        <line num="300" type="stmt" count="0"/>
        <line num="301" type="stmt" count="0"/>
        <line num="302" type="stmt" count="0"/>
        <line num="303" type="stmt" count="0"/>
        <line num="309" type="stmt" count="0"/>
        <line num="311" type="stmt" count="0"/>
        <line num="312" type="stmt" count="0"/>
        <line num="314" type="stmt" count="0"/>
        <line num="316" type="stmt" count="0"/>
        <line num="317" type="stmt" count="0"/>
        <line num="319" type="stmt" count="0"/>
        <line num="320" type="stmt" count="0"/>
        <line num="323" type="stmt" count="0"/>
        <line num="335" type="method" name="sort_attendees_by_role" visibility="public" complexity="1" crap="2.00" count="0"/>
        <line num="337" type="stmt" count="0"/>
        <line num="339" type="stmt" count="0"/>
        <line num="351" type="method" name="sort_attendees_by_timestamp" visibility="public" complexity="1" crap="2.00" count="0"/>
        <line num="353" type="stmt" count="0"/>
        <metrics loc="359" ncloc="280" classes="1" methods="11" coveredmethods="0" conditionals="0" coveredconditionals="0" statements="116" coveredstatements="22" elements="127" coveredelements="22"/>
      </file>
      <file name="/srv/www/gatherpress/public_html/wp-content/themes/gatherpress/inc/classes/class-buddypress.php">
        <class name="GatherPress\Inc\BuddyPress" namespace="GatherPress\Inc">
          <metrics complexity="5" methods="4" coveredmethods="0" conditionals="0" coveredconditionals="0" statements="11" coveredstatements="0" elements="15" coveredelements="0"/>
        </class>
        <line num="18" type="method" name="__construct" visibility="protected" complexity="1" crap="2.00" count="0"/>
        <line num="20" type="stmt" count="0"/>
        <line num="22" type="stmt" count="0"/>
        <line num="27" type="method" name="_setup_hooks" visibility="protected" complexity="2" crap="6.00" count="0"/>
        <line num="29" type="stmt" count="0"/>
        <line num="30" type="stmt" count="0"/>
        <line num="32" type="stmt" count="0"/>
        <line num="35" type="stmt" count="0"/>
        <line num="40" type="method" name="buddypress_dependency" visibility="public" complexity="1" crap="2.00" count="0"/>
        <line num="42" type="stmt" count="0"/>
        <line num="43" type="stmt" count="0"/>
        <line num="44" type="stmt" count="0"/>
        <line num="47" type="stmt" count="0"/>
        <line num="54" type="method" name="is_buddypress_available" visibility="public" complexity="1" crap="2.00" count="0"/>
        <line num="56" type="stmt" count="0"/>
        <metrics loc="62" ncloc="46" classes="1" methods="4" coveredmethods="0" conditionals="0" coveredconditionals="0" statements="11" coveredstatements="0" elements="15" coveredelements="0"/>
      </file>
      <file name="/srv/www/gatherpress/public_html/wp-content/themes/gatherpress/inc/classes/class-event.php">
        <class name="GatherPress\Inc\Event" namespace="GatherPress\Inc">
          <metrics complexity="29" methods="15" coveredmethods="0" conditionals="0" coveredconditionals="0" statements="110" coveredstatements="0" elements="125" coveredelements="0"/>
        </class>
        <line num="21" type="method" name="__construct" visibility="protected" complexity="1" crap="2.00" count="0"/>
        <line num="23" type="stmt" count="0"/>
        <line num="25" type="stmt" count="0"/>
        <line num="27" type="stmt" count="0"/>
        <line num="32" type="method" name="_setup_hooks" visibility="protected" complexity="1" crap="2.00" count="0"/>
        <line num="37" type="stmt" count="0"/>
        <line num="38" type="stmt" count="0"/>
        <line num="39" type="stmt" count="0"/>
        <line num="40" type="stmt" count="0"/>
        <line num="45" type="stmt" count="0"/>
        <line num="46" type="stmt" count="0"/>
        <line num="48" type="stmt" count="0"/>
        <line num="60" type="method" name="append_id_to_event_slug" visibility="public" complexity="5" crap="30.00" count="0"/>
        <line num="62" type="stmt" count="0"/>
        <line num="63" type="stmt" count="0"/>
        <line num="66" type="stmt" count="0"/>
        <line num="67" type="stmt" count="0"/>
        <line num="70" type="stmt" count="0"/>
        <line num="71" type="stmt" count="0"/>
        <line num="74" type="stmt" count="0"/>
        <line num="76" type="stmt" count="0"/>
        <line num="77" type="stmt" count="0"/>
        <line num="80" type="stmt" count="0"/>
        <line num="87" type="method" name="change_rewrite_rule" visibility="public" complexity="1" crap="2.00" count="0"/>
        <line num="89" type="stmt" count="0"/>
        <line num="90" type="stmt" count="0"/>
        <line num="91" type="stmt" count="0"/>
        <line num="92" type="stmt" count="0"/>
        <line num="93" type="stmt" count="0"/>
        <line num="95" type="stmt" count="0"/>
        <line num="98" type="stmt" count="0"/>
        <line num="103" type="method" name="maybe_create_custom_table" visibility="public" complexity="2" crap="6.00" count="0"/>
        <line num="105" type="stmt" count="0"/>
        <line num="107" type="stmt" count="0"/>
        <line num="108" type="stmt" count="0"/>
        <line num="110" type="stmt" count="0"/>
        <line num="111" type="stmt" count="0"/>
        <line num="112" type="stmt" count="0"/>
        <line num="115" type="stmt" count="0"/>
        <line num="124" type="method" name="on_site_delete" visibility="public" complexity="1" crap="2.00" count="0"/>
        <line num="126" type="stmt" count="0"/>
        <line num="128" type="stmt" count="0"/>
        <line num="130" type="stmt" count="0"/>
        <line num="137" type="method" name="create_table" visibility="public" complexity="1" crap="2.00" count="0"/>
        <line num="139" type="stmt" count="0"/>
        <line num="141" type="stmt" count="0"/>
        <line num="142" type="stmt" count="0"/>
        <line num="143" type="stmt" count="0"/>
        <line num="145" type="stmt" count="0"/>
        <line num="155" type="stmt" count="0"/>
        <line num="157" type="stmt" count="0"/>
        <line num="159" type="stmt" count="0"/>
        <line num="161" type="stmt" count="0"/>
        <line num="166" type="method" name="register_post_types" visibility="public" complexity="1" crap="2.00" count="0"/>
        <line num="168" type="stmt" count="0"/>
        <line num="169" type="stmt" count="0"/>
        <line num="171" type="stmt" count="0"/>
        <line num="172" type="stmt" count="0"/>
        <line num="173" type="stmt" count="0"/>
        <line num="174" type="stmt" count="0"/>
        <line num="175" type="stmt" count="0"/>
        <line num="176" type="stmt" count="0"/>
        <line num="177" type="stmt" count="0"/>
        <line num="178" type="stmt" count="0"/>
        <line num="179" type="stmt" count="0"/>
        <line num="180" type="stmt" count="0"/>
        <line num="181" type="stmt" count="0"/>
        <line num="182" type="stmt" count="0"/>
        <line num="183" type="stmt" count="0"/>
        <line num="188" type="stmt" count="0"/>
        <line num="196" type="stmt" count="0"/>
        <line num="203" type="stmt" count="0"/>
        <line num="211" type="method" name="delete_event" visibility="public" complexity="2" crap="6.00" count="0"/>
        <line num="213" type="stmt" count="0"/>
        <line num="215" type="stmt" count="0"/>
        <line num="216" type="stmt" count="0"/>
        <line num="219" type="stmt" count="0"/>
        <line num="221" type="stmt" count="0"/>
        <line num="222" type="stmt" count="0"/>
        <line num="224" type="stmt" count="0"/>
        <line num="228" type="stmt" count="0"/>
        <line num="238" type="method" name="get_datetime_start" visibility="public" complexity="1" crap="2.00" count="0"/>
        <line num="240" type="stmt" count="0"/>
        <line num="251" type="method" name="get_display_datetime" visibility="public" complexity="5" crap="30.00" count="0"/>
        <line num="253" type="stmt" count="0"/>
        <line num="254" type="stmt" count="0"/>
        <line num="257" type="stmt" count="0"/>
        <line num="258" type="stmt" count="0"/>
        <line num="260" type="stmt" count="0"/>
        <line num="261" type="stmt" count="0"/>
        <line num="264" type="stmt" count="0"/>
        <line num="265" type="stmt" count="0"/>
        <line num="266" type="stmt" count="0"/>
        <line num="268" type="stmt" count="0"/>
        <line num="269" type="stmt" count="0"/>
        <line num="272" type="stmt" count="0"/>
        <line num="284" type="method" name="is_same_date" visibility="public" complexity="2" crap="6.00" count="0"/>
        <line num="286" type="stmt" count="0"/>
        <line num="287" type="stmt" count="0"/>
        <line num="289" type="stmt" count="0"/>
        <line num="290" type="stmt" count="0"/>
        <line num="293" type="stmt" count="0"/>
        <line num="305" type="method" name="get_datetime_end" visibility="public" complexity="1" crap="2.00" count="0"/>
        <line num="307" type="stmt" count="0"/>
        <line num="320" type="method" name="_get_formatted_date" visibility="protected" complexity="3" crap="12.00" count="0"/>
        <line num="322" type="stmt" count="0"/>
        <line num="323" type="stmt" count="0"/>
        <line num="326" type="stmt" count="0"/>
        <line num="327" type="stmt" count="0"/>
        <line num="329" type="stmt" count="0"/>
        <line num="332" type="stmt" count="0"/>
        <line num="333" type="stmt" count="0"/>
        <line num="335" type="stmt" count="0"/>
        <line num="336" type="stmt" count="0"/>
        <line num="337" type="stmt" count="0"/>
        <line num="340" type="stmt" count="0"/>
        <line num="342" type="stmt" count="0"/>
        <line num="354" type="method" name="get_datetime" visibility="public" complexity="2" crap="6.00" count="0"/>
        <line num="356" type="stmt" count="0"/>
        <line num="358" type="stmt" count="0"/>
        <line num="359" type="stmt" count="0"/>
        <line num="360" type="stmt" count="0"/>
        <line num="362" type="stmt" count="0"/>
        <line num="364" type="stmt" count="0"/>
        <line num="367" type="stmt" count="0"/>
        <metrics loc="374" ncloc="276" classes="1" methods="15" coveredmethods="0" conditionals="0" coveredconditionals="0" statements="110" coveredstatements="0" elements="125" coveredelements="0"/>
      </file>
      <file name="/srv/www/gatherpress/public_html/wp-content/themes/gatherpress/inc/classes/class-helper.php">
        <class name="GatherPress\Inc\Helper" namespace="GatherPress\Inc">
          <metrics complexity="3" methods="1" coveredmethods="0" conditionals="0" coveredconditionals="0" statements="7" coveredstatements="0" elements="8" coveredelements="0"/>
        </class>
        <line num="5" type="stmt" count="0"/>
        <line num="6" type="stmt" count="0"/>
        <line num="19" type="method" name="render_template" visibility="public" complexity="3" crap="12.00" count="0"/>
        <line num="21" type="stmt" count="0"/>
        <line num="22" type="stmt" count="0"/>
        <line num="25" type="stmt" count="0"/>
        <line num="26" type="stmt" count="0"/>
        <line num="29" type="stmt" count="0"/>
        <line num="31" type="stmt" count="0"/>
        <line num="33" type="stmt" count="0"/>
        <metrics loc="39" ncloc="27" classes="1" methods="1" coveredmethods="0" conditionals="0" coveredconditionals="0" statements="9" coveredstatements="0" elements="10" coveredelements="0"/>
      </file>
      <file name="/srv/www/gatherpress/public_html/wp-content/themes/gatherpress/inc/classes/class-layout.php">
        <class name="GatherPress\Inc\Layout" namespace="GatherPress\Inc">
          <metrics complexity="4" methods="3" coveredmethods="0" conditionals="0" coveredconditionals="0" statements="10" coveredstatements="0" elements="13" coveredelements="0"/>
        </class>
        <line num="18" type="method" name="__construct" visibility="protected" complexity="1" crap="2.00" count="0"/>
        <line num="20" type="stmt" count="0"/>
        <line num="22" type="stmt" count="0"/>
        <line num="24" type="method" name="_setup_hooks" visibility="protected" complexity="1" crap="2.00" count="0"/>
        <line num="26" type="stmt" count="0"/>
        <line num="28" type="stmt" count="0"/>
        <line num="30" type="method" name="homepage_carousel" visibility="public" complexity="2" crap="6.00" count="0"/>
        <line num="32" type="stmt" count="0"/>
        <line num="33" type="stmt" count="0"/>
        <line num="34" type="stmt" count="0"/>
        <line num="35" type="stmt" count="0"/>
        <line num="36" type="stmt" count="0"/>
        <line num="39" type="stmt" count="0"/>
        <metrics loc="43" ncloc="38" classes="1" methods="3" coveredmethods="0" conditionals="0" coveredconditionals="0" statements="10" coveredstatements="0" elements="13" coveredelements="0"/>
      </file>
      <file name="/srv/www/gatherpress/public_html/wp-content/themes/gatherpress/inc/classes/class-query.php">
        <class name="GatherPress\Inc\Query" namespace="GatherPress\Inc">
          <metrics complexity="15" methods="6" coveredmethods="0" conditionals="0" coveredconditionals="0" statements="36" coveredstatements="0" elements="42" coveredelements="0"/>
        </class>
        <line num="18" type="method" name="__construct" visibility="protected" complexity="1" crap="2.00" count="0"/>
        <line num="20" type="stmt" count="0"/>
        <line num="22" type="stmt" count="0"/>
        <line num="27" type="method" name="_setup_hooks" visibility="protected" complexity="1" crap="2.00" count="0"/>
        <line num="29" type="stmt" count="0"/>
        <line num="30" type="stmt" count="0"/>
        <line num="32" type="stmt" count="0"/>
        <line num="34" type="method" name="get_upcoming_events" visibility="public" complexity="1" crap="2.00" count="0"/>
        <line num="36" type="stmt" count="0"/>
        <line num="37" type="stmt" count="0"/>
        <line num="40" type="stmt" count="0"/>
        <line num="45" type="stmt" count="0"/>
        <line num="47" type="stmt" count="0"/>
        <line num="48" type="stmt" count="0"/>
        <line num="50" type="stmt" count="0"/>
        <line num="59" type="method" name="pre_get_posts" visibility="public" complexity="4" crap="20.00" count="0"/>
        <line num="62" type="stmt" count="0"/>
        <line num="63" type="stmt" count="0"/>
        <line num="65" type="stmt" count="0"/>
        <line num="68" type="stmt" count="0"/>
        <line num="79" type="method" name="order_past_events" visibility="public" complexity="4" crap="20.00" count="0"/>
        <line num="81" type="stmt" count="0"/>
        <line num="82" type="stmt" count="0"/>
        <line num="85" type="stmt" count="0"/>
        <line num="87" type="stmt" count="0"/>
        <line num="89" type="stmt" count="0"/>
        <line num="90" type="stmt" count="0"/>
        <line num="92" type="stmt" count="0"/>
        <line num="93" type="stmt" count="0"/>
        <line num="94" type="stmt" count="0"/>
        <line num="97" type="stmt" count="0"/>
        <line num="101" type="method" name="order_upcoming_events" visibility="public" complexity="4" crap="20.00" count="0"/>
        <line num="103" type="stmt" count="0"/>
        <line num="104" type="stmt" count="0"/>
        <line num="107" type="stmt" count="0"/>
        <line num="109" type="stmt" count="0"/>
        <line num="111" type="stmt" count="0"/>
        <line num="112" type="stmt" count="0"/>
        <line num="114" type="stmt" count="0"/>
        <line num="115" type="stmt" count="0"/>
        <line num="116" type="stmt" count="0"/>
        <line num="119" type="stmt" count="0"/>
        <metrics loc="125" ncloc="103" classes="1" methods="6" coveredmethods="0" conditionals="0" coveredconditionals="0" statements="36" coveredstatements="0" elements="42" coveredelements="0"/>
      </file>
      <file name="/srv/www/gatherpress/public_html/wp-content/themes/gatherpress/inc/classes/class-rest-api.php">
        <class name="GatherPress\Inc\Rest_Api" namespace="GatherPress\Inc" fullPackage="Rest">
          <metrics complexity="24" methods="8" coveredmethods="0" conditionals="0" coveredconditionals="0" statements="77" coveredstatements="0" elements="85" coveredelements="0"/>
        </class>
        <line num="18" type="method" name="__construct" visibility="protected" complexity="1" crap="2.00" count="0"/>
        <line num="20" type="stmt" count="0"/>
        <line num="22" type="stmt" count="0"/>
        <line num="27" type="method" name="_setup_hooks" visibility="protected" complexity="1" crap="2.00" count="0"/>
        <line num="29" type="stmt" count="0"/>
        <line num="31" type="stmt" count="0"/>
        <line num="38" type="method" name="register_endpoints" visibility="public" complexity="1" crap="2.00" count="0"/>
        <line num="40" type="stmt" count="0"/>
        <line num="41" type="stmt" count="0"/>
        <line num="42" type="stmt" count="0"/>
        <line num="44" type="stmt" count="0"/>
        <line num="45" type="stmt" count="0"/>
        <line num="57" type="stmt" count="0"/>
        <line num="61" type="stmt" count="0"/>
        <line num="65" type="stmt" count="0"/>
        <line num="71" type="stmt" count="0"/>
        <line num="72" type="stmt" count="0"/>
        <line num="73" type="stmt" count="0"/>
        <line num="75" type="stmt" count="0"/>
        <line num="76" type="stmt" count="0"/>
        <line num="88" type="stmt" count="0"/>
        <line num="97" type="stmt" count="0"/>
        <line num="103" type="stmt" count="0"/>
        <line num="105" type="method" name="validate_attendance_status" visibility="public" complexity="2" crap="6.00" count="0"/>
        <line num="107" type="stmt" count="0"/>
        <line num="118" type="method" name="validate_event_post_id" visibility="public" complexity="3" crap="12.00" count="0"/>
        <line num="121" type="stmt" count="0"/>
        <line num="122" type="stmt" count="0"/>
        <line num="123" type="stmt" count="0"/>
        <line num="135" type="method" name="validate_datetime" visibility="public" complexity="1" crap="2.00" count="0"/>
        <line num="137" type="stmt" count="0"/>
        <line num="148" type="method" name="update_datetime" visibility="public" complexity="3" crap="12.00" count="0"/>
        <line num="150" type="stmt" count="0"/>
        <line num="152" type="stmt" count="0"/>
        <line num="153" type="stmt" count="0"/>
        <line num="155" type="stmt" count="0"/>
        <line num="160" type="stmt" count="0"/>
        <line num="162" type="stmt" count="0"/>
        <line num="163" type="stmt" count="0"/>
        <line num="165" type="stmt" count="0"/>
        <line num="169" type="stmt" count="0"/>
        <line num="171" type="stmt" count="0"/>
        <line num="173" type="stmt" count="0"/>
        <line num="174" type="stmt" count="0"/>
        <line num="175" type="stmt" count="0"/>
        <line num="176" type="stmt" count="0"/>
        <line num="177" type="stmt" count="0"/>
        <line num="178" type="stmt" count="0"/>
        <line num="179" type="stmt" count="0"/>
        <line num="180" type="stmt" count="0"/>
        <line num="184" type="stmt" count="0"/>
        <line num="185" type="stmt" count="0"/>
        <line num="186" type="stmt" count="0"/>
        <line num="187" type="stmt" count="0"/>
        <line num="188" type="stmt" count="0"/>
        <line num="192" type="stmt" count="0"/>
        <line num="196" type="stmt" count="0"/>
        <line num="199" type="stmt" count="0"/>
        <line num="203" type="method" name="update_attendance" visibility="public" complexity="12" crap="156.00" count="0"/>
        <line num="205" type="stmt" count="0"/>
        <line num="206" type="stmt" count="0"/>
        <line num="207" type="stmt" count="0"/>
        <line num="208" type="stmt" count="0"/>
        <line num="209" type="stmt" count="0"/>
        <line num="210" type="stmt" count="0"/>
        <line num="211" type="stmt" count="0"/>
        <line num="212" type="stmt" count="0"/>
        <line num="216" type="stmt" count="0"/>
        <line num="217" type="stmt" count="0"/>
        <line num="218" type="stmt" count="0"/>
        <line num="220" type="stmt" count="0"/>
        <line num="221" type="stmt" count="0"/>
        <line num="224" type="stmt" count="0"/>
        <line num="227" type="stmt" count="0"/>
        <line num="228" type="stmt" count="0"/>
        <line num="232" type="stmt" count="0"/>
        <line num="233" type="stmt" count="0"/>
        <line num="234" type="stmt" count="0"/>
        <line num="236" type="stmt" count="0"/>
        <line num="238" type="stmt" count="0"/>
        <line num="239" type="stmt" count="0"/>
        <line num="245" type="stmt" count="0"/>
        <line num="246" type="stmt" count="0"/>
        <line num="247" type="stmt" count="0"/>
        <line num="250" type="stmt" count="0"/>
        <metrics loc="256" ncloc="200" classes="1" methods="8" coveredmethods="0" conditionals="0" coveredconditionals="0" statements="77" coveredstatements="0" elements="85" coveredelements="0"/>
      </file>
      <file name="/srv/www/gatherpress/public_html/wp-content/themes/gatherpress/inc/classes/class-role.php">
        <class name="GatherPress\Inc\Role" namespace="GatherPress\Inc">
          <metrics complexity="8" methods="4" coveredmethods="0" conditionals="0" coveredconditionals="0" statements="19" coveredstatements="0" elements="23" coveredelements="0"/>
        </class>
        <line num="18" type="method" name="__construct" visibility="protected" complexity="1" crap="2.00" count="0"/>
        <line num="20" type="stmt" count="0"/>
        <line num="22" type="stmt" count="0"/>
        <line num="27" type="method" name="_setup_hooks" visibility="protected" complexity="1" crap="2.00" count="0"/>
        <line num="29" type="stmt" count="0"/>
        <line num="31" type="stmt" count="0"/>
        <line num="38" type="method" name="get_role_names" visibility="public" complexity="1" crap="2.00" count="0"/>
        <line num="40" type="stmt" count="0"/>
        <line num="41" type="stmt" count="0"/>
        <line num="42" type="stmt" count="0"/>
        <line num="43" type="stmt" count="0"/>
        <line num="44" type="stmt" count="0"/>
        <line num="51" type="method" name="change_role_names" visibility="public" complexity="5" crap="30.00" count="0"/>
        <line num="53" type="stmt" count="0"/>
        <line num="55" type="stmt" count="0"/>
        <line num="56" type="stmt" count="0"/>
        <line num="59" type="stmt" count="0"/>
        <line num="61" type="stmt" count="0"/>
        <line num="63" type="stmt" count="0"/>
        <line num="64" type="stmt" count="0"/>
        <line num="67" type="stmt" count="0"/>
        <line num="68" type="stmt" count="0"/>
        <line num="72" type="stmt" count="0"/>
        <metrics loc="76" ncloc="60" classes="1" methods="4" coveredmethods="0" conditionals="0" coveredconditionals="0" statements="19" coveredstatements="0" elements="23" coveredelements="0"/>
      </file>
      <file name="/srv/www/gatherpress/public_html/wp-content/themes/gatherpress/inc/classes/class-setup.php">
        <class name="GatherPress\Inc\Setup" namespace="GatherPress\Inc">
          <metrics complexity="2" methods="2" coveredmethods="0" conditionals="0" coveredconditionals="0" statements="11" coveredstatements="0" elements="13" coveredelements="0"/>
        </class>
        <line num="18" type="method" name="__construct" visibility="protected" complexity="1" crap="2.00" count="0"/>
        <line num="20" type="stmt" count="0"/>
        <line num="22" type="stmt" count="0"/>
        <line num="27" type="method" name="_instantiate_classes" visibility="private" complexity="1" crap="2.00" count="0"/>
        <line num="29" type="stmt" count="0"/>
        <line num="30" type="stmt" count="0"/>
        <line num="31" type="stmt" count="0"/>
        <line num="32" type="stmt" count="0"/>
        <line num="33" type="stmt" count="0"/>
        <line num="34" type="stmt" count="0"/>
        <line num="35" type="stmt" count="0"/>
        <line num="36" type="stmt" count="0"/>
        <line num="38" type="stmt" count="0"/>
        <metrics loc="42" ncloc="34" classes="1" methods="2" coveredmethods="0" conditionals="0" coveredconditionals="0" statements="11" coveredstatements="0" elements="13" coveredelements="0"/>
      </file>
    </package>
    <package name="GatherPress\Inc\Traits">
      <file name="/srv/www/gatherpress/public_html/wp-content/themes/gatherpress/inc/classes/traits/trait-singleton.php">
        <class name="Singleton" namespace="GatherPress\Inc\Traits">
          <metrics complexity="5" methods="1" coveredmethods="0" conditionals="0" coveredconditionals="0" statements="7" coveredstatements="0" elements="8" coveredelements="0"/>
        </class>
        <line num="61" type="method" name="get_instance" visibility="public" complexity="3" crap="12.00" count="0"/>
        <line num="71" type="stmt" count="0"/>
        <line num="73" type="stmt" count="0"/>
        <line num="75" type="stmt" count="0"/>
        <line num="81" type="stmt" count="0"/>
        <line num="82" type="stmt" count="0"/>
        <line num="89" type="stmt" count="0"/>
        <line num="92" type="stmt" count="0"/>
        <metrics loc="97" ncloc="36" classes="1" methods="1" coveredmethods="0" conditionals="0" coveredconditionals="0" statements="7" coveredstatements="0" elements="8" coveredelements="0"/>
      </file>
    </package>
    <file name="/srv/www/gatherpress/public_html/wp-content/themes/gatherpress/inc/custom-header.php">
      <line num="20" type="stmt" count="0"/>
      <line num="21" type="stmt" count="0"/>
      <line num="28" type="stmt" count="0"/>
      <line num="38" type="stmt" count="0"/>
      <line num="44" type="stmt" count="0"/>
      <line num="45" type="stmt" count="0"/>
      <line num="50" type="stmt" count="0"/>
      <line num="53" type="stmt" count="0"/>
      <line num="55" type="stmt" count="0"/>
      <line num="64" type="stmt" count="0"/>
      <line num="69" type="stmt" count="0"/>
      <line num="71" type="stmt" count="0"/>
      <metrics loc="72" ncloc="41" classes="0" methods="0" coveredmethods="0" conditionals="0" coveredconditionals="0" statements="12" coveredstatements="0" elements="12" coveredelements="0"/>
    </file>
    <file name="/srv/www/gatherpress/public_html/wp-content/themes/gatherpress/inc/customizer.php">
      <line num="14" type="stmt" count="0"/>
      <line num="15" type="stmt" count="0"/>
      <line num="16" type="stmt" count="0"/>
      <line num="18" type="stmt" count="0"/>
      <line num="19" type="stmt" count="0"/>
      <line num="20" type="stmt" count="0"/>
      <line num="23" type="stmt" count="0"/>
      <line num="24" type="stmt" count="0"/>
      <line num="28" type="stmt" count="0"/>
      <line num="37" type="stmt" count="0"/>
      <line num="38" type="stmt" count="0"/>
      <line num="46" type="stmt" count="0"/>
      <line num="47" type="stmt" count="0"/>
      <line num="53" type="stmt" count="0"/>
      <line num="54" type="stmt" count="0"/>
      <metrics loc="55" ncloc="32" classes="0" methods="0" coveredmethods="0" conditionals="0" coveredconditionals="0" statements="15" coveredstatements="0" elements="15" coveredelements="0"/>
    </file>
    <file name="/srv/www/gatherpress/public_html/wp-content/themes/gatherpress/inc/helpers/autoloader.php">
      <line num="7" type="stmt" count="0"/>
      <line num="9" type="stmt" count="0"/>
      <line num="11" type="stmt" count="0"/>
      <line num="13" type="stmt" count="0"/>
      <line num="16" type="stmt" count="0"/>
      <line num="18" type="stmt" count="0"/>
      <line num="19" type="stmt" count="0"/>
      <line num="20" type="stmt" count="0"/>
      <line num="28" type="stmt" count="0"/>
      <line num="29" type="stmt" count="0"/>
      <line num="38" type="stmt" count="0"/>
      <line num="39" type="stmt" count="0"/>
      <line num="40" type="stmt" count="0"/>
      <line num="41" type="stmt" count="0"/>
      <line num="45" type="stmt" count="0"/>
      <line num="48" type="stmt" count="0"/>
      <line num="49" type="stmt" count="0"/>
      <line num="57" type="stmt" count="0"/>
      <line num="58" type="stmt" count="0"/>
      <line num="59" type="stmt" count="0"/>
      <line num="60" type="stmt" count="0"/>
      <line num="64" type="stmt" count="0"/>
      <line num="65" type="stmt" count="0"/>
      <line num="66" type="stmt" count="0"/>
      <line num="67" type="stmt" count="0"/>
      <line num="71" type="stmt" count="0"/>
      <line num="79" type="stmt" count="0"/>
      <line num="80" type="stmt" count="0"/>
      <line num="83" type="stmt" count="0"/>
      <line num="85" type="stmt" count="0"/>
      <line num="89" type="stmt" count="0"/>
      <line num="91" type="stmt" count="0"/>
      <line num="92" type="stmt" count="0"/>
      <line num="93" type="stmt" count="0"/>
      <line num="94" type="stmt" count="0"/>
      <line num="95" type="stmt" count="0"/>
      <line num="96" type="stmt" count="0"/>
      <line num="97" type="stmt" count="0"/>
      <line num="98" type="stmt" count="0"/>
      <line num="101" type="stmt" count="0"/>
      <line num="103" type="stmt" count="0"/>
      <line num="105" type="stmt" count="0"/>
      <line num="106" type="stmt" count="0"/>
      <line num="107" type="stmt" count="0"/>
      <line num="108" type="stmt" count="0"/>
      <line num="111" type="stmt" count="0"/>
      <line num="115" type="stmt" count="0"/>
      <line num="116" type="stmt" count="0"/>
      <line num="119" type="stmt" count="0"/>
      <metrics loc="126" ncloc="99" classes="0" methods="0" coveredmethods="0" conditionals="0" coveredconditionals="0" statements="49" coveredstatements="0" elements="49" coveredelements="0"/>
    </file>
    <file name="/srv/www/gatherpress/public_html/wp-content/themes/gatherpress/inc/jetpack.php">
      <line num="19" type="stmt" count="0"/>
      <line num="20" type="stmt" count="0"/>
      <line num="26" type="stmt" count="0"/>
      <line num="29" type="stmt" count="0"/>
      <line num="30" type="stmt" count="0"/>
      <line num="44" type="stmt" count="0"/>
      <line num="45" type="stmt" count="0"/>
      <line num="51" type="stmt" count="0"/>
      <line num="52" type="stmt" count="0"/>
      <line num="53" type="stmt" count="0"/>
      <line num="54" type="stmt" count="0"/>
      <line num="56" type="stmt" count="0"/>
      <line num="59" type="stmt" count="0"/>
      <metrics loc="59" ncloc="36" classes="0" methods="0" coveredmethods="0" conditionals="0" coveredconditionals="0" statements="13" coveredstatements="0" elements="13" coveredelements="0"/>
    </file>
    <file name="/srv/www/gatherpress/public_html/wp-content/themes/gatherpress/inc/template-functions.php">
      <line num="16" type="stmt" count="0"/>
      <line num="17" type="stmt" count="0"/>
      <line num="21" type="stmt" count="0"/>
      <line num="22" type="stmt" count="0"/>
      <line num="25" type="stmt" count="0"/>
      <line num="33" type="stmt" count="0"/>
      <line num="34" type="stmt" count="0"/>
      <line num="36" type="stmt" count="0"/>
      <metrics loc="37" ncloc="19" classes="0" methods="0" coveredmethods="0" conditionals="0" coveredconditionals="0" statements="8" coveredstatements="0" elements="8" coveredelements="0"/>
    </file>
    <file name="/srv/www/gatherpress/public_html/wp-content/themes/gatherpress/inc/template-tags.php">
      <line num="15" type="stmt" count="0"/>
      <line num="16" type="stmt" count="0"/>
      <line num="17" type="stmt" count="0"/>
      <line num="20" type="stmt" count="0"/>
      <line num="21" type="stmt" count="0"/>
      <line num="22" type="stmt" count="0"/>
      <line num="23" type="stmt" count="0"/>
      <line num="24" type="stmt" count="0"/>
      <line num="27" type="stmt" count="0"/>
      <line num="29" type="stmt" count="0"/>
      <line num="30" type="stmt" count="0"/>
      <line num="33" type="stmt" count="0"/>
      <line num="35" type="stmt" count="0"/>
      <line num="43" type="stmt" count="0"/>
      <line num="45" type="stmt" count="0"/>
      <line num="46" type="stmt" count="0"/>
      <line num="49" type="stmt" count="0"/>
      <line num="51" type="stmt" count="0"/>
      <line num="60" type="stmt" count="0"/>
      <line num="62" type="stmt" count="0"/>
      <line num="63" type="stmt" count="0"/>
      <line num="65" type="stmt" count="0"/>
      <line num="69" type="stmt" count="0"/>
      <line num="70" type="stmt" count="0"/>
      <line num="72" type="stmt" count="0"/>
      <line num="76" type="stmt" count="0"/>
      <line num="77" type="stmt" count="0"/>
      <line num="78" type="stmt" count="0"/>
      <line num="79" type="stmt" count="0"/>
      <line num="80" type="stmt" count="0"/>
      <line num="82" type="stmt" count="0"/>
      <line num="84" type="stmt" count="0"/>
      <line num="89" type="stmt" count="0"/>
      <line num="92" type="stmt" count="0"/>
      <line num="95" type="stmt" count="0"/>
      <line num="106" type="stmt" count="0"/>
      <line num="107" type="stmt" count="0"/>
      <line num="110" type="stmt" count="0"/>
      <line num="115" type="stmt" count="0"/>
      <line num="121" type="stmt" count="0"/>
      <line num="122" type="stmt" count="0"/>
      <line num="123" type="stmt" count="0"/>
      <line num="127" type="stmt" count="0"/>
      <line num="131" type="stmt" count="0"/>
      <metrics loc="132" ncloc="91" classes="0" methods="0" coveredmethods="0" conditionals="0" coveredconditionals="0" statements="44" coveredstatements="0" elements="44" coveredelements="0"/>
    </file>
    <metrics files="18" loc="2116" ncloc="1546" classes="11" methods="60" coveredmethods="0" conditionals="0" coveredconditionals="0" statements="599" coveredstatements="22" elements="659" coveredelements="22"/>
  </project>
</coverage>
